#
# There is insufficient memory for the Java Runtime Environment to continue.
# Native memory allocation (malloc) failed to allocate 1041296 bytes for Chunk::new
# Possible reasons:
#   The system is out of physical RAM or swap space
#   The process is running with CompressedOops enabled, and the Java Heap may be blocking the growth of the native heap
# Possible solutions:
#   Reduce memory load on the system
#   Increase physical memory or swap space
#   Check if swap backing store is full
#   Decrease Java heap size (-Xmx/-Xms)
#   Decrease number of Java threads
#   Decrease Java thread stack sizes (-Xss)
#   Set larger code cache with -XX:ReservedCodeCacheSize=
#   JVM is running with Unscaled Compressed Oops mode in which the Java heap is
#     placed in the first 4GB address space. The Java Heap base address is the
#     maximum limit for the native heap growth. Please use -XX:HeapBaseMinAddress
#     to set the Java Heap base and to place the Java Heap above 4GB virtual address.
# This output file may be truncated or incomplete.
#
#  Out of Memory Error (allocation.cpp:389), pid=11568, tid=0x00000000000037e4
#
# JRE version: OpenJDK Runtime Environment (8.0_242-b01) (build 1.8.0_242-release-1644-b01)
# Java VM: OpenJDK 64-Bit Server VM (25.242-b01 mixed mode windows-amd64 compressed oops)
# Failed to write core dump. Minidumps are not enabled by default on client versions of Windows
#

---------------  T H R E A D  ---------------

Current thread (0x00000000171f6000):  JavaThread "C2 CompilerThread0" daemon [_thread_in_native, id=14308, stack(0x0000000018830000,0x0000000018930000)]

Stack: [0x0000000018830000,0x0000000018930000]
[error occurred during error reporting (printing stack bounds), id 0xc0000005]

Native frames: (J=compiled Java code, j=interpreted, Vv=VM code, C=native code)


Current CompileTask:
C2:4357071 32036   !   4       java.io.ObjectOutputStream::writeObject0 (619 bytes)


---------------  P R O C E S S  ---------------

Java Threads: ( => current thread )
  0x000000001d567800 JavaThread "Cache worker for Java compile cache (D:\New\Gads_project_phase\AfricaHealthLinkApp\.gradle\6.5\javaCompile)" [_thread_blocked, id=6324, stack(0x000000005d8d0000,0x000000005d9d0000)]
  0x000000001d564000 JavaThread "Cache worker for execution history cache (D:\New\Gads_project_phase\AfricaHealthLinkApp\.gradle\6.5\executionHistory)" [_thread_blocked, id=9320, stack(0x000000005d7d0000,0x000000005d8d0000)]
  0x000000001d567000 JavaThread "Execution worker for ':' Thread 3" [_thread_blocked, id=14624, stack(0x000000005d6d0000,0x000000005d7d0000)]
  0x000000001d563000 JavaThread "Execution worker for ':' Thread 2" [_thread_blocked, id=14860, stack(0x000000005d5d0000,0x000000005d6d0000)]
  0x000000001d562800 JavaThread "Execution worker for ':'" [_thread_in_native, id=14520, stack(0x000000005d4d0000,0x000000005d5d0000)]
  0x000000001d55b000 JavaThread "Cache worker for file content cache (D:\New\Gads_project_phase\AfricaHealthLinkApp\.gradle\6.5\fileContent)" [_thread_blocked, id=5208, stack(0x000000005d3d0000,0x000000005d4d0000)]
  0x000000001d561000 JavaThread "Cache worker for Build Output Cleanup Cache (D:\New\Gads_project_phase\AfricaHealthLinkApp\.gradle\buildOutputCleanup)" [_thread_blocked, id=1572, stack(0x000000005d2d0000,0x000000005d3d0000)]
  0x000000001d560000 JavaThread "jar transforms Thread 658" [_thread_blocked, id=5076, stack(0x000000005d1d0000,0x000000005d2d0000)]
  0x000000001d558800 JavaThread "jar transforms Thread 657" [_thread_blocked, id=15888, stack(0x000000005d0d0000,0x000000005d1d0000)]
  0x000000001d55f800 JavaThread "jar transforms Thread 656" [_thread_blocked, id=8676, stack(0x000000005cfd0000,0x000000005d0d0000)]
  0x000000001cad5800 JavaThread "jar transforms Thread 655" [_thread_blocked, id=4572, stack(0x000000005ced0000,0x000000005cfd0000)]
  0x000000001cad5000 JavaThread "jar transforms Thread 654" [_thread_blocked, id=6700, stack(0x000000005cdd0000,0x000000005ced0000)]
  0x000000001cad6800 JavaThread "jar transforms Thread 653" [_thread_blocked, id=2948, stack(0x000000005ccd0000,0x000000005cdd0000)]
  0x000000001cad1000 JavaThread "jar transforms Thread 652" [_thread_blocked, id=13580, stack(0x000000005cbd0000,0x000000005ccd0000)]
  0x000000001cad2800 JavaThread "jar transforms Thread 651" [_thread_blocked, id=10424, stack(0x000000005cad0000,0x000000005cbd0000)]
  0x000000001cad4000 JavaThread "jar transforms Thread 650" [_thread_blocked, id=12668, stack(0x000000005c9d0000,0x000000005cad0000)]
  0x000000001cad2000 JavaThread "jar transforms Thread 649" [_thread_blocked, id=13656, stack(0x000000005c8d0000,0x000000005c9d0000)]
  0x000000001cad3800 JavaThread "jar transforms Thread 648" [_thread_blocked, id=16100, stack(0x000000005c7d0000,0x000000005c8d0000)]
  0x000000001caca800 JavaThread "jar transforms Thread 647" [_thread_blocked, id=13892, stack(0x000000005c6d0000,0x000000005c7d0000)]
  0x000000001cad0800 JavaThread "jar transforms Thread 646" [_thread_blocked, id=12512, stack(0x000000005c5d0000,0x000000005c6d0000)]
  0x000000001cac8800 JavaThread "jar transforms Thread 645" [_thread_blocked, id=764, stack(0x000000005c4d0000,0x000000005c5d0000)]
  0x000000001cacf800 JavaThread "jar transforms Thread 644" [_thread_blocked, id=11892, stack(0x000000005c3d0000,0x000000005c4d0000)]
  0x000000001cac9800 JavaThread "jar transforms Thread 643" [_thread_blocked, id=11400, stack(0x000000005c2d0000,0x000000005c3d0000)]
  0x000000001cac8000 JavaThread "jar transforms Thread 642" [_thread_blocked, id=3104, stack(0x000000005c1d0000,0x000000005c2d0000)]
  0x000000001cacc000 JavaThread "jar transforms Thread 641" [_thread_blocked, id=11784, stack(0x000000005c0d0000,0x000000005c1d0000)]
  0x000000001cacc800 JavaThread "jar transforms Thread 640" [_thread_blocked, id=16156, stack(0x000000005bfd0000,0x000000005c0d0000)]
  0x000000001cacf000 JavaThread "jar transforms Thread 639" [_thread_blocked, id=2428, stack(0x000000005bed0000,0x000000005bfd0000)]
  0x000000001cac7000 JavaThread "jar transforms Thread 638" [_thread_blocked, id=6820, stack(0x000000005bdd0000,0x000000005bed0000)]
  0x000000001cb98800 JavaThread "jar transforms Thread 637" [_thread_blocked, id=11356, stack(0x000000005bcd0000,0x000000005bdd0000)]
  0x000000001cb97000 JavaThread "jar transforms Thread 636" [_thread_blocked, id=13064, stack(0x000000005bbd0000,0x000000005bcd0000)]
  0x000000001cb95800 JavaThread "jar transforms Thread 635" [_thread_blocked, id=7576, stack(0x000000005bad0000,0x000000005bbd0000)]
  0x000000001cb97800 JavaThread "jar transforms Thread 634" [_thread_blocked, id=15640, stack(0x000000005b9d0000,0x000000005bad0000)]
  0x000000001cb94000 JavaThread "jar transforms Thread 633" [_thread_blocked, id=15804, stack(0x000000005b8d0000,0x000000005b9d0000)]
  0x000000001cb9a000 JavaThread "jar transforms Thread 632" [_thread_blocked, id=15068, stack(0x000000005b7d0000,0x000000005b8d0000)]
  0x000000001cb9a800 JavaThread "jar transforms Thread 631" [_thread_blocked, id=13080, stack(0x000000005b6d0000,0x000000005b7d0000)]
  0x000000001cb99000 JavaThread "jar transforms Thread 630" [_thread_blocked, id=2148, stack(0x000000005b5d0000,0x000000005b6d0000)]
  0x000000001cb94800 JavaThread "jar transforms Thread 629" [_thread_blocked, id=14760, stack(0x000000005b4d0000,0x000000005b5d0000)]
  0x000000001cb93000 JavaThread "jar transforms Thread 628" [_thread_blocked, id=14568, stack(0x000000005b3d0000,0x000000005b4d0000)]
  0x000000001cb96000 JavaThread "jar transforms Thread 627" [_thread_blocked, id=10556, stack(0x000000005b2d0000,0x000000005b3d0000)]
  0x000000001cb8c800 JavaThread "jar transforms Thread 626" [_thread_blocked, id=4544, stack(0x000000005b1d0000,0x000000005b2d0000)]
  0x000000001cb8e000 JavaThread "jar transforms Thread 625" [_thread_blocked, id=692, stack(0x000000005b0d0000,0x000000005b1d0000)]
  0x000000001cb92800 JavaThread "jar transforms Thread 624" [_thread_blocked, id=12960, stack(0x000000005afd0000,0x000000005b0d0000)]
  0x000000001cb91800 JavaThread "jar transforms Thread 623" [_thread_blocked, id=1032, stack(0x000000005aed0000,0x000000005afd0000)]
  0x000000001cb91000 JavaThread "jar transforms Thread 622" [_thread_blocked, id=7808, stack(0x000000005add0000,0x000000005aed0000)]
  0x000000001cb8d000 JavaThread "jar transforms Thread 621" [_thread_blocked, id=14112, stack(0x000000005acd0000,0x000000005add0000)]
  0x000000001cb90000 JavaThread "jar transforms Thread 620" [_thread_blocked, id=9472, stack(0x000000005abd0000,0x000000005acd0000)]
  0x000000001cb8f800 JavaThread "jar transforms Thread 619" [_thread_blocked, id=6572, stack(0x000000005aad0000,0x000000005abd0000)]
  0x000000001cb8e800 JavaThread "jar transforms Thread 618" [_thread_blocked, id=13828, stack(0x000000005a9d0000,0x000000005aad0000)]
  0x0000000021694000 JavaThread "jar transforms Thread 617" [_thread_blocked, id=2852, stack(0x000000005a8d0000,0x000000005a9d0000)]
  0x0000000021692800 JavaThread "jar transforms Thread 616" [_thread_blocked, id=4200, stack(0x000000005a7d0000,0x000000005a8d0000)]
  0x0000000021693000 JavaThread "jar transforms Thread 615" [_thread_blocked, id=15920, stack(0x000000005a6d0000,0x000000005a7d0000)]
  0x0000000021696000 JavaThread "jar transforms Thread 614" [_thread_blocked, id=4320, stack(0x000000005a5d0000,0x000000005a6d0000)]
  0x000000002168e800 JavaThread "jar transforms Thread 613" [_thread_blocked, id=15228, stack(0x000000005a4d0000,0x000000005a5d0000)]
  0x0000000021691000 JavaThread "jar transforms Thread 612" [_thread_blocked, id=1136, stack(0x000000005a3d0000,0x000000005a4d0000)]
  0x0000000021695800 JavaThread "jar transforms Thread 611" [_thread_blocked, id=12968, stack(0x000000005a2d0000,0x000000005a3d0000)]
  0x000000002168f800 JavaThread "jar transforms Thread 610" [_thread_blocked, id=14232, stack(0x000000005a1d0000,0x000000005a2d0000)]
  0x0000000021691800 JavaThread "jar transforms Thread 609" [_thread_blocked, id=15684, stack(0x000000005a0d0000,0x000000005a1d0000)]
  0x0000000021690000 JavaThread "jar transforms Thread 608" [_thread_blocked, id=14448, stack(0x0000000059fd0000,0x000000005a0d0000)]
  0x0000000021687000 JavaThread "jar transforms Thread 607" [_thread_blocked, id=16060, stack(0x0000000059ed0000,0x0000000059fd0000)]
  0x000000002168a000 JavaThread "jar transforms Thread 606" [_thread_blocked, id=15544, stack(0x0000000059dd0000,0x0000000059ed0000)]
  0x000000002168b800 JavaThread "jar transforms Thread 605" [_thread_blocked, id=3052, stack(0x0000000059cd0000,0x0000000059dd0000)]
  0x000000002168b000 JavaThread "jar transforms Thread 604" [_thread_blocked, id=14988, stack(0x0000000059bd0000,0x0000000059cd0000)]
  0x0000000021689800 JavaThread "jar transforms Thread 603" [_thread_blocked, id=14908, stack(0x0000000059ad0000,0x0000000059bd0000)]
  0x0000000021688800 JavaThread "jar transforms Thread 602" [_thread_blocked, id=1124, stack(0x00000000599d0000,0x0000000059ad0000)]
  0x000000002168d000 JavaThread "jar transforms Thread 601" [_thread_blocked, id=15580, stack(0x00000000598d0000,0x00000000599d0000)]
  0x000000002168e000 JavaThread "jar transforms Thread 600" [_thread_blocked, id=4416, stack(0x00000000597d0000,0x00000000598d0000)]
  0x0000000021688000 JavaThread "jar transforms Thread 599" [_thread_blocked, id=5920, stack(0x00000000596d0000,0x00000000597d0000)]
  0x000000002168c800 JavaThread "jar transforms Thread 598" [_thread_blocked, id=15396, stack(0x00000000595d0000,0x00000000596d0000)]
  0x0000000029351000 JavaThread "jar transforms Thread 597" [_thread_blocked, id=13264, stack(0x00000000594d0000,0x00000000595d0000)]
  0x0000000029350800 JavaThread "jar transforms Thread 596" [_thread_blocked, id=16256, stack(0x00000000593d0000,0x00000000594d0000)]
  0x000000002934c000 JavaThread "jar transforms Thread 595" [_thread_blocked, id=9376, stack(0x00000000592d0000,0x00000000593d0000)]
  0x000000002934f800 JavaThread "jar transforms Thread 594" [_thread_blocked, id=4196, stack(0x00000000591d0000,0x00000000592d0000)]
  0x000000002934e000 JavaThread "jar transforms Thread 593" [_thread_blocked, id=16080, stack(0x00000000590d0000,0x00000000591d0000)]
  0x000000002934d800 JavaThread "jar transforms Thread 592" [_thread_blocked, id=12664, stack(0x0000000058fd0000,0x00000000590d0000)]
  0x000000002934f000 JavaThread "jar transforms Thread 591" [_thread_blocked, id=8584, stack(0x0000000058ed0000,0x0000000058fd0000)]
  0x000000002934c800 JavaThread "jar transforms Thread 590" [_thread_blocked, id=15268, stack(0x0000000058dd0000,0x0000000058ed0000)]
  0x0000000029344800 JavaThread "jar transforms Thread 589" [_thread_blocked, id=14928, stack(0x0000000058cd0000,0x0000000058dd0000)]
  0x000000002934b000 JavaThread "jar transforms Thread 588" [_thread_blocked, id=14924, stack(0x0000000058bd0000,0x0000000058cd0000)]
  0x0000000029343800 JavaThread "jar transforms Thread 587" [_thread_blocked, id=3120, stack(0x0000000058ad0000,0x0000000058bd0000)]
  0x000000002934a800 JavaThread "jar transforms Thread 586" [_thread_blocked, id=6392, stack(0x00000000589d0000,0x0000000058ad0000)]
  0x0000000029343000 JavaThread "jar transforms Thread 585" [_thread_blocked, id=14432, stack(0x00000000588d0000,0x00000000589d0000)]
  0x0000000029345000 JavaThread "jar transforms Thread 584" [_thread_blocked, id=11288, stack(0x00000000587d0000,0x00000000588d0000)]
  0x0000000029346800 JavaThread "jar transforms Thread 583" [_thread_blocked, id=1412, stack(0x00000000586d0000,0x00000000587d0000)]
  0x0000000029346000 JavaThread "jar transforms Thread 582" [_thread_blocked, id=4984, stack(0x00000000585d0000,0x00000000586d0000)]
  0x0000000029349800 JavaThread "jar transforms Thread 581" [_thread_blocked, id=15484, stack(0x00000000584d0000,0x00000000585d0000)]
  0x0000000029347800 JavaThread "jar transforms Thread 580" [_thread_blocked, id=2896, stack(0x00000000583d0000,0x00000000584d0000)]
  0x0000000029349000 JavaThread "jar transforms Thread 579" [_thread_blocked, id=14692, stack(0x00000000582d0000,0x00000000583d0000)]
  0x0000000029348000 JavaThread "jar transforms Thread 578" [_thread_blocked, id=15880, stack(0x00000000581d0000,0x00000000582d0000)]
  0x000000001f336000 JavaThread "jar transforms Thread 577" [_thread_blocked, id=14436, stack(0x00000000580d0000,0x00000000581d0000)]
  0x000000001f335000 JavaThread "jar transforms Thread 576" [_thread_blocked, id=15504, stack(0x0000000057fd0000,0x00000000580d0000)]
  0x000000001f334800 JavaThread "jar transforms Thread 575" [_thread_blocked, id=14200, stack(0x0000000057ed0000,0x0000000057fd0000)]
  0x000000001f336800 JavaThread "jar transforms Thread 574" [_thread_blocked, id=12508, stack(0x0000000057dd0000,0x0000000057ed0000)]
  0x000000001f32d000 JavaThread "jar transforms Thread 573" [_thread_blocked, id=15508, stack(0x0000000057cd0000,0x0000000057dd0000)]
  0x000000001f333000 JavaThread "jar transforms Thread 572" [_thread_blocked, id=12992, stack(0x0000000057bd0000,0x0000000057cd0000)]
  0x000000001f32d800 JavaThread "jar transforms Thread 571" [_thread_blocked, id=10676, stack(0x0000000057ad0000,0x0000000057bd0000)]
  0x000000001f333800 JavaThread "jar transforms Thread 570" [_thread_blocked, id=12400, stack(0x00000000579d0000,0x0000000057ad0000)]
  0x000000001f332000 JavaThread "jar transforms Thread 569" [_thread_blocked, id=11488, stack(0x00000000578d0000,0x00000000579d0000)]
  0x000000001f32a800 JavaThread "jar transforms Thread 568" [_thread_blocked, id=12096, stack(0x00000000577d0000,0x00000000578d0000)]
  0x000000001f331800 JavaThread "jar transforms Thread 567" [_thread_blocked, id=8332, stack(0x00000000576d0000,0x00000000577d0000)]
  0x000000001f32f000 JavaThread "jar transforms Thread 566" [_thread_blocked, id=15384, stack(0x00000000575d0000,0x00000000576d0000)]
  0x000000001f32e800 JavaThread "jar transforms Thread 565" [_thread_blocked, id=13740, stack(0x00000000574d0000,0x00000000575d0000)]
  0x000000001f330800 JavaThread "Build operations Thread 4" [_thread_blocked, id=2704, stack(0x00000000573d0000,0x00000000574d0000)]
  0x000000001f32c000 JavaThread "Build operations Thread 3" [_thread_blocked, id=13788, stack(0x00000000572d0000,0x00000000573d0000)]
  0x000000001f330000 JavaThread "Build operations Thread 2" [_thread_blocked, id=11508, stack(0x00000000571d0000,0x00000000572d0000)]
  0x000000001f329000 JavaThread "Build operations" [_thread_blocked, id=11276, stack(0x00000000570d0000,0x00000000571d0000)]
  0x000000001f327800 JavaThread "Cache worker for cache directory md-rule (C:\Users\Aisac\.gradle\caches\6.5\md-rule)" [_thread_blocked, id=14544, stack(0x0000000056fd0000,0x00000000570d0000)]
  0x000000001f32a000 JavaThread "Cache worker for cache directory md-supplier (C:\Users\Aisac\.gradle\caches\6.5\md-supplier)" [_thread_blocked, id=14916, stack(0x0000000056ed0000,0x0000000056fd0000)]
  0x000000001f328800 JavaThread "Cache worker for checksums cache (D:\New\Gads_project_phase\AfricaHealthLinkApp\.gradle\checksums)" [_thread_blocked, id=7912, stack(0x0000000056dd0000,0x0000000056ed0000)]
  0x000000001a8c4800 JavaThread "Cache worker for file hash cache (D:\New\Gads_project_phase\AfricaHealthLinkApp\.gradle\6.5\fileHashes)" [_thread_blocked, id=14004, stack(0x0000000056cd0000,0x0000000056dd0000)]
  0x000000001a8c8000 JavaThread "Thread-744" [_thread_blocked, id=15060, stack(0x0000000056bd0000,0x0000000056cd0000)]
  0x000000001d55b800 JavaThread "Daemon worker Thread 6" [_thread_blocked, id=14824, stack(0x000000004ebd0000,0x000000004ecd0000)]
  0x000000001d55e000 JavaThread "Daemon Thread 6" [_thread_blocked, id=14880, stack(0x000000004e8d0000,0x000000004e9d0000)]
  0x000000001a521800 JavaThread "Device List Monitor" [_thread_in_native, id=13364, stack(0x000000002d5d0000,0x000000002d6d0000)]
  0x000000001a518800 JavaThread "JdwpProxyConnection" [_thread_in_native, id=14104, stack(0x000000002d4d0000,0x000000002d5d0000)]
  0x000000001a51d000 JavaThread "Monitor" [_thread_in_native, id=4496, stack(0x000000002d0d0000,0x000000002d1d0000)]
  0x000000001cace000 JavaThread "Cache worker for Java compile cache (C:\Users\Aisac\.gradle\caches\6.5\javaCompile)" [_thread_blocked, id=12320, stack(0x000000002b4d0000,0x000000002b5d0000)]
  0x000000001a523800 JavaThread "Memory manager" [_thread_blocked, id=13816, stack(0x0000000028c20000,0x0000000028d20000)]
  0x000000001d55c800 JavaThread "Cache worker for file content cache (C:\Users\Aisac\.gradle\caches\6.5\fileContent)" [_thread_blocked, id=13960, stack(0x0000000020550000,0x0000000020650000)]
  0x000000001a8c9800 JavaThread "Cache worker for execution history cache (C:\Users\Aisac\.gradle\caches\6.5\executionHistory)" [_thread_blocked, id=10472, stack(0x000000001fd50000,0x000000001fe50000)]
  0x000000001a8c5000 JavaThread "Cache worker for file hash cache (C:\Users\Aisac\.gradle\caches\6.5\fileHashes)" [_thread_blocked, id=15636, stack(0x000000001d250000,0x000000001d350000)]
  0x000000001a8ca800 JavaThread "File lock request listener" [_thread_in_native, id=15372, stack(0x000000001d150000,0x000000001d250000)]
  0x000000001a8c9000 JavaThread "Cache worker for journal cache (C:\Users\Aisac\.gradle\caches\journal-1)" [_thread_blocked, id=15816, stack(0x000000001cf50000,0x000000001d050000)]
  0x000000001a007800 JavaThread "Daemon health stats" [_thread_blocked, id=11772, stack(0x000000001ab00000,0x000000001ac00000)]
  0x0000000018b50800 JavaThread "Service Thread" daemon [_thread_blocked, id=14468, stack(0x0000000018f30000,0x0000000019030000)]
  0x00000000171fe000 JavaThread "C1 CompilerThread2" daemon [_thread_blocked, id=11800, stack(0x0000000018a30000,0x0000000018b30000)]
  0x00000000171fb000 JavaThread "C2 CompilerThread1" daemon [_thread_blocked, id=12832, stack(0x0000000018930000,0x0000000018a30000)]
=>0x00000000171f6000 JavaThread "C2 CompilerThread0" daemon [_thread_in_native, id=14308, stack(0x0000000018830000,0x0000000018930000)]
  0x00000000171f4800 JavaThread "Attach Listener" daemon [_thread_blocked, id=15320, stack(0x0000000018730000,0x0000000018830000)]
  0x00000000171f0000 JavaThread "Signal Dispatcher" daemon [_thread_blocked, id=5452, stack(0x0000000018630000,0x0000000018730000)]
  0x00000000025c9800 JavaThread "Finalizer" daemon [_thread_blocked, id=10296, stack(0x0000000018440000,0x0000000018540000)]
  0x00000000025c1000 JavaThread "Reference Handler" daemon [_thread_blocked, id=15708, stack(0x0000000018340000,0x0000000018440000)]
  0x00000000024d0800 JavaThread "main" [_thread_blocked, id=15644, stack(0x0000000002320000,0x0000000002420000)]

Other Threads:
  0x00000000171b5800 VMThread [stack: 0x0000000018240000,0x0000000018340000] [id=10804]
  0x0000000018b51800 WatcherThread [stack: 0x0000000019030000,0x0000000019130000] [id=1320]

VM state:not at safepoint (normal execution)

VM Mutex/Monitor currently owned by a thread: None

heap address: 0x0000000080000000, size: 2048 MB, Compressed Oops mode: 32-bit
Narrow klass base: 0x0000000000000000, Narrow klass shift: 3
Compressed class space size: 1073741824 Address: 0x0000000100000000

Heap:
 PSYoungGen      total 542208K, used 285010K [0x00000000d5580000, 0x0000000100000000, 0x0000000100000000)
  eden space 385536K, 65% used [0x00000000d5580000,0x00000000e4a42f98,0x00000000ece00000)
  from space 156672K, 21% used [0x00000000ece00000,0x00000000eef91930,0x00000000f6700000)
  to   space 150528K, 0% used [0x00000000f6d00000,0x00000000f6d00000,0x0000000100000000)
 ParOldGen       total 287744K, used 117336K [0x0000000080000000, 0x0000000091900000, 0x00000000d5580000)
  object space 287744K, 40% used [0x0000000080000000,0x00000000872962c8,0x0000000091900000)
 Metaspace       used 168229K, capacity 175626K, committed 175768K, reserved 1202176K
  class space    used 20743K, capacity 22148K, committed 22192K, reserved 1048576K

Card table byte_map: [0x0000000011990000,0x0000000011da0000] byte_map_base: 0x0000000011590000

Marking Bits: (ParMarkBitMap*) 0x000000006cbbf030
 Begin Bits: [0x0000000012450000, 0x0000000014450000)
 End Bits:   [0x0000000014450000, 0x0000000016450000)

Polling page: 0x00000000003f0000

CodeCache: size=245760Kb used=92151Kb max_used=92181Kb free=153608Kb
 bounds [0x00000000025d0000, 0x0000000008060000, 0x00000000115d0000]
 total_blobs=25919 nmethods=24945 adapters=882
 compilation: enabled

Compilation events (10 events):
Event: 4354.218 Thread 0x00000000171f6000 32033       4       com.sun.tools.javac.code.Types$SimpleVisitor::<init> (5 bytes)
Event: 4354.219 Thread 0x00000000171fe000 nmethod 32032 0x0000000008022050 code [0x00000000080221c0, 0x00000000080225e8]
Event: 4354.219 Thread 0x00000000171fe000 32034       3       com.sun.tools.javac.comp.Check::instance (26 bytes)
Event: 4354.219 Thread 0x00000000171f6000 nmethod 32033 0x0000000007ca7b90 code [0x0000000007ca7cc0, 0x0000000007ca7d18]
Event: 4354.220 Thread 0x00000000171fe000 nmethod 32034 0x0000000008021a50 code [0x0000000008021be0, 0x0000000008021f38]
Event: 4354.271 Thread 0x00000000171fb000 32035       4       com.sun.tools.javac.parser.JavacParser::parseStatement (1324 bytes)
Event: 4354.448 Thread 0x00000000171f6000 32036   !   4       java.io.ObjectOutputStream::writeObject0 (619 bytes)
Event: 4354.551 Thread 0x00000000171fe000 32037       1       java.net.InetAddress$InetAddressHolder::getHostName (5 bytes)
Event: 4354.553 Thread 0x00000000171fe000 nmethod 32037 0x0000000008008cd0 code [0x0000000008008e20, 0x0000000008008f30]
Event: 4354.950 Thread 0x00000000171fb000 nmethod 32035 0x000000000803d7d0 code [0x000000000803e720, 0x0000000008044ec8]

GC Heap History (10 events):
Event: 2909.038 GC heap before
{Heap before GC invocations=32 (full 7):
 PSYoungGen      total 539648K, used 33031K [0x00000000d5580000, 0x0000000100000000, 0x0000000100000000)
  eden space 380416K, 0% used [0x00000000d5580000,0x00000000d5580000,0x00000000ec900000)
  from space 159232K, 20% used [0x00000000ec900000,0x00000000ee941f78,0x00000000f6480000)
  to   space 153088K, 0% used [0x00000000f6a80000,0x00000000f6a80000,0x0000000100000000)
 ParOldGen       total 239616K, used 218292K [0x0000000080000000, 0x000000008ea00000, 0x00000000d5580000)
  object space 239616K, 91% used [0x0000000080000000,0x000000008d52d070,0x000000008ea00000)
 Metaspace       used 142932K, capacity 149302K, committed 149528K, reserved 1179648K
  class space    used 17758K, capacity 18901K, committed 18992K, reserved 1048576K
Event: 2911.419 GC heap after
Heap after GC invocations=32 (full 7):
 PSYoungGen      total 539648K, used 0K [0x00000000d5580000, 0x0000000100000000, 0x0000000100000000)
  eden space 380416K, 0% used [0x00000000d5580000,0x00000000d5580000,0x00000000ec900000)
  from space 159232K, 0% used [0x00000000ec900000,0x00000000ec900000,0x00000000f6480000)
  to   space 153088K, 0% used [0x00000000f6a80000,0x00000000f6a80000,0x0000000100000000)
 ParOldGen       total 287744K, used 117312K [0x0000000080000000, 0x0000000091900000, 0x00000000d5580000)
  object space 287744K, 40% used [0x0000000080000000,0x00000000872902c8,0x0000000091900000)
 Metaspace       used 141922K, capacity 147560K, committed 149528K, reserved 1179648K
  class space    used 17568K, capacity 18566K, committed 18992K, reserved 1048576K
}
Event: 4203.656 GC heap before
{Heap before GC invocations=33 (full 7):
 PSYoungGen      total 539648K, used 380416K [0x00000000d5580000, 0x0000000100000000, 0x0000000100000000)
  eden space 380416K, 100% used [0x00000000d5580000,0x00000000ec900000,0x00000000ec900000)
  from space 159232K, 0% used [0x00000000ec900000,0x00000000ec900000,0x00000000f6480000)
  to   space 153088K, 0% used [0x00000000f6a80000,0x00000000f6a80000,0x0000000100000000)
 ParOldGen       total 287744K, used 117312K [0x0000000080000000, 0x0000000091900000, 0x00000000d5580000)
  object space 287744K, 40% used [0x0000000080000000,0x00000000872902c8,0x0000000091900000)
 Metaspace       used 147871K, capacity 154426K, committed 154648K, reserved 1183744K
  class space    used 18403K, capacity 19646K, committed 19760K, reserved 1048576K
Event: 4204.273 GC heap after
Heap after GC invocations=33 (full 7):
 PSYoungGen      total 523264K, used 27806K [0x00000000d5580000, 0x00000000ff000000, 0x0000000100000000)
  eden space 386560K, 0% used [0x00000000d5580000,0x00000000d5580000,0x00000000ecf00000)
  from space 136704K, 20% used [0x00000000f6a80000,0x00000000f85a7b98,0x00000000ff000000)
  to   space 147968K, 0% used [0x00000000ecf00000,0x00000000ecf00000,0x00000000f5f80000)
 ParOldGen       total 287744K, used 117320K [0x0000000080000000, 0x0000000091900000, 0x00000000d5580000)
  object space 287744K, 40% used [0x0000000080000000,0x00000000872922c8,0x0000000091900000)
 Metaspace       used 147871K, capacity 154426K, committed 154648K, reserved 1183744K
  class space    used 18403K, capacity 19646K, committed 19760K, reserved 1048576K
}
Event: 4281.267 GC heap before
{Heap before GC invocations=34 (full 7):
 PSYoungGen      total 523264K, used 414366K [0x00000000d5580000, 0x00000000ff000000, 0x0000000100000000)
  eden space 386560K, 100% used [0x00000000d5580000,0x00000000ecf00000,0x00000000ecf00000)
  from space 136704K, 20% used [0x00000000f6a80000,0x00000000f85a7b98,0x00000000ff000000)
  to   space 147968K, 0% used [0x00000000ecf00000,0x00000000ecf00000,0x00000000f5f80000)
 ParOldGen       total 287744K, used 117320K [0x0000000080000000, 0x0000000091900000, 0x00000000d5580000)
  object space 287744K, 40% used [0x0000000080000000,0x00000000872922c8,0x0000000091900000)
 Metaspace       used 151857K, capacity 158618K, committed 158744K, reserved 1187840K
  class space    used 18895K, capacity 20158K, committed 20272K, reserved 1048576K
Event: 4281.451 GC heap after
Heap after GC invocations=34 (full 7):
 PSYoungGen      total 534528K, used 32722K [0x00000000d5580000, 0x00000000ffe00000, 0x0000000100000000)
  eden space 386560K, 0% used [0x00000000d5580000,0x00000000d5580000,0x00000000ecf00000)
  from space 147968K, 22% used [0x00000000ecf00000,0x00000000eeef4900,0x00000000f5f80000)
  to   space 141312K, 0% used [0x00000000f7400000,0x00000000f7400000,0x00000000ffe00000)
 ParOldGen       total 287744K, used 117328K [0x0000000080000000, 0x0000000091900000, 0x00000000d5580000)
  object space 287744K, 40% used [0x0000000080000000,0x00000000872942c8,0x0000000091900000)
 Metaspace       used 151857K, capacity 158618K, committed 158744K, reserved 1187840K
  class space    used 18895K, capacity 20158K, committed 20272K, reserved 1048576K
}
Event: 4298.029 GC heap before
{Heap before GC invocations=35 (full 7):
 PSYoungGen      total 534528K, used 419282K [0x00000000d5580000, 0x00000000ffe00000, 0x0000000100000000)
  eden space 386560K, 100% used [0x00000000d5580000,0x00000000ecf00000,0x00000000ecf00000)
  from space 147968K, 22% used [0x00000000ecf00000,0x00000000eeef4900,0x00000000f5f80000)
  to   space 141312K, 0% used [0x00000000f7400000,0x00000000f7400000,0x00000000ffe00000)
 ParOldGen       total 287744K, used 117328K [0x0000000080000000, 0x0000000091900000, 0x00000000d5580000)
  object space 287744K, 40% used [0x0000000080000000,0x00000000872942c8,0x0000000091900000)
 Metaspace       used 159878K, capacity 166820K, committed 167064K, reserved 1196032K
  class space    used 19796K, capacity 21109K, committed 21168K, reserved 1048576K
Event: 4298.720 GC heap after
Heap after GC invocations=35 (full 7):
 PSYoungGen      total 526848K, used 115660K [0x00000000d5580000, 0x0000000100000000, 0x0000000100000000)
  eden space 385536K, 0% used [0x00000000d5580000,0x00000000d5580000,0x00000000ece00000)
  from space 141312K, 81% used [0x00000000f7400000,0x00000000fe4f3138,0x00000000ffe00000)
  to   space 156672K, 0% used [0x00000000ece00000,0x00000000ece00000,0x00000000f6700000)
 ParOldGen       total 287744K, used 117336K [0x0000000080000000, 0x0000000091900000, 0x00000000d5580000)
  object space 287744K, 40% used [0x0000000080000000,0x00000000872962c8,0x0000000091900000)
 Metaspace       used 159878K, capacity 166820K, committed 167064K, reserved 1196032K
  class space    used 19796K, capacity 21109K, committed 21168K, reserved 1048576K
}
Event: 4342.736 GC heap before
{Heap before GC invocations=36 (full 7):
 PSYoungGen      total 526848K, used 501196K [0x00000000d5580000, 0x0000000100000000, 0x0000000100000000)
  eden space 385536K, 100% used [0x00000000d5580000,0x00000000ece00000,0x00000000ece00000)
  from space 141312K, 81% used [0x00000000f7400000,0x00000000fe4f3138,0x00000000ffe00000)
  to   space 156672K, 0% used [0x00000000ece00000,0x00000000ece00000,0x00000000f6700000)
 ParOldGen       total 287744K, used 117336K [0x0000000080000000, 0x0000000091900000, 0x00000000d5580000)
  object space 287744K, 40% used [0x0000000080000000,0x00000000872962c8,0x0000000091900000)
 Metaspace       used 160434K, capacity 167696K, committed 167960K, reserved 1196032K
  class space    used 19863K, capacity 21237K, committed 21296K, reserved 1048576K
Event: 4342.843 GC heap after
Heap after GC invocations=36 (full 7):
 PSYoungGen      total 542208K, used 34374K [0x00000000d5580000, 0x0000000100000000, 0x0000000100000000)
  eden space 385536K, 0% used [0x00000000d5580000,0x00000000d5580000,0x00000000ece00000)
  from space 156672K, 21% used [0x00000000ece00000,0x00000000eef91930,0x00000000f6700000)
  to   space 150528K, 0% used [0x00000000f6d00000,0x00000000f6d00000,0x0000000100000000)
 ParOldGen       total 287744K, used 117336K [0x0000000080000000, 0x0000000091900000, 0x00000000d5580000)
  object space 287744K, 40% used [0x0000000080000000,0x00000000872962c8,0x0000000091900000)
 Metaspace       used 160434K, capacity 167696K, committed 167960K, reserved 1196032K
  class space    used 19863K, capacity 21237K, committed 21296K, reserved 1048576K
}

Deoptimization events (10 events):
Event: 4349.735 Thread 0x000000001d562800 Uncommon trap: reason=unstable_if action=reinterpret pc=0x00000000045373c8 method=com.google.gson.stream.JsonReader.nextNonWhitespace(Z)I @ 61
Event: 4353.384 Thread 0x000000001d562800 Uncommon trap: reason=unstable_if action=reinterpret pc=0x0000000007bad758 method=kotlin.jvm.internal.Intrinsics.areEqual(Ljava/lang/Object;Ljava/lang/Object;)Z @ 5
Event: 4354.445 Thread 0x00000000024d0800 Uncommon trap: reason=unstable_if action=reinterpret pc=0x0000000003bcaf6c method=org.gradle.internal.time.DefaultCountdownTimer.hasExpired()Z @ 6
Event: 4354.447 Thread 0x000000001d55e000 Uncommon trap: reason=class_check action=maybe_recompile pc=0x000000000395fdc0 method=java.io.ObjectOutputStream.writeObject0(Ljava/lang/Object;Z)V @ 240
Event: 4354.447 Thread 0x000000001d55e000 Uncommon trap: reason=class_check action=maybe_recompile pc=0x000000000395fdc0 method=java.io.ObjectOutputStream.writeObject0(Ljava/lang/Object;Z)V @ 240
Event: 4354.447 Thread 0x000000001d55e000 Uncommon trap: reason=class_check action=maybe_recompile pc=0x000000000395fdc0 method=java.io.ObjectOutputStream.writeObject0(Ljava/lang/Object;Z)V @ 240
Event: 4354.447 Thread 0x000000001d55e000 Uncommon trap: reason=class_check action=maybe_recompile pc=0x000000000395fdc0 method=java.io.ObjectOutputStream.writeObject0(Ljava/lang/Object;Z)V @ 240
Event: 4354.450 Thread 0x00000000024d0800 Uncommon trap: reason=unstable_if action=reinterpret pc=0x000000000301fec4 method=java.lang.ref.SoftReference.get()Ljava/lang/Object; @ 6
Event: 4354.551 Thread 0x000000001a8c6800 Uncommon trap: reason=unstable_if action=reinterpret pc=0x0000000006d8f440 method=sun.nio.ch.SocketChannelImpl.ensureWriteOpen()V @ 11
Event: 4354.551 Thread 0x000000001a8c6800 Uncommon trap: reason=unloaded action=reinterpret pc=0x0000000005a66b08 method=org.gradle.internal.remote.internal.inet.SocketConnection.flush()V @ 20

Classes redefined (0 events):
No events

Internal exceptions (10 events):
Event: 4348.279 Thread 0x000000001d562800 Exception <a 'java/security/PrivilegedActionException'> (0x00000000da7f3e60) thrown at [C:\src\AOSP-openjdk-git\hotspot\src\share\vm\prims\jvm.cpp, line 1502]
Event: 4348.280 Thread 0x000000001d562800 Exception <a 'java/security/PrivilegedActionException'> (0x00000000da7f6580) thrown at [C:\src\AOSP-openjdk-git\hotspot\src\share\vm\prims\jvm.cpp, line 1502]
Event: 4348.280 Thread 0x000000001d562800 Exception <a 'java/security/PrivilegedActionException'> (0x00000000da7f7118) thrown at [C:\src\AOSP-openjdk-git\hotspot\src\share\vm\prims\jvm.cpp, line 1502]
Event: 4348.280 Thread 0x000000001d562800 Exception <a 'java/security/PrivilegedActionException'> (0x00000000da7f98f0) thrown at [C:\src\AOSP-openjdk-git\hotspot\src\share\vm\prims\jvm.cpp, line 1502]
Event: 4348.280 Thread 0x000000001d562800 Exception <a 'java/security/PrivilegedActionException'> (0x00000000da7fa488) thrown at [C:\src\AOSP-openjdk-git\hotspot\src\share\vm\prims\jvm.cpp, line 1502]
Event: 4348.281 Thread 0x000000001d562800 Exception <a 'java/security/PrivilegedActionException'> (0x00000000da7fcd50) thrown at [C:\src\AOSP-openjdk-git\hotspot\src\share\vm\prims\jvm.cpp, line 1502]
Event: 4348.281 Thread 0x000000001d562800 Exception <a 'java/security/PrivilegedActionException'> (0x00000000da7fd8e8) thrown at [C:\src\AOSP-openjdk-git\hotspot\src\share\vm\prims\jvm.cpp, line 1502]
Event: 4350.078 Thread 0x000000001d562800 Exception <a 'java/lang/NullPointerException'> (0x00000000df79c468) thrown at [C:\src\AOSP-openjdk-git\hotspot\src\share\vm\interpreter\linkResolver.cpp, line 1287]
Event: 4354.447 Thread 0x000000001d55e000 Exception <a 'java/lang/NoSuchMethodError': <clinit>> (0x00000000e499d050) thrown at [C:\src\AOSP-openjdk-git\hotspot\src\share\vm\prims\jni.cpp, line 1615]
Event: 4354.448 Thread 0x000000001d55e000 Exception <a 'java/lang/NoSuchMethodError': <clinit>> (0x00000000e499e6e8) thrown at [C:\src\AOSP-openjdk-git\hotspot\src\share\vm\prims\jni.cpp, line 1615]

Events (10 events):
Event: 4354.543 Thread 0x000000001a8c7800 Thread exited: 0x000000001a8c7800
Event: 4354.551 Thread 0x000000001a8c6800 Uncommon trap: trap_request=0xffffff65 fr.pc=0x0000000006d8f440
Event: 4354.551 Thread 0x000000001a8c6800 DEOPT PACKING pc=0x0000000006d8f440 sp=0x0000000056acf2b0
Event: 4354.551 Thread 0x000000001a8c6800 DEOPT UNPACKING pc=0x000000000261557b sp=0x0000000056acf1e0 mode 2
Event: 4354.551 Thread 0x000000001a8c6800 Uncommon trap: trap_request=0x00000034 fr.pc=0x0000000005a66b08
Event: 4354.551 Thread 0x000000001a8c6800 DEOPT PACKING pc=0x0000000005a66b08 sp=0x0000000056acf360
Event: 4354.551 Thread 0x000000001a8c6800 DEOPT UNPACKING pc=0x000000000261557b sp=0x0000000056acf2c8 mode 2
Event: 4354.551 Executing VM operation: RevokeBias
Event: 4354.553 Executing VM operation: RevokeBias done
Event: 4354.553 Thread 0x000000001a8c6800 Thread exited: 0x000000001a8c6800


Dynamic libraries:
0x00007ff7eef50000 - 0x00007ff7eef81000 	E:\andrid studio\jre\bin\java.exe
0x00007ffc13cb0000 - 0x00007ffc13e91000 	C:\Windows\SYSTEM32\ntdll.dll
0x00007ffc11280000 - 0x00007ffc11331000 	C:\Windows\System32\KERNEL32.DLL
0x00007ffc10cc0000 - 0x00007ffc10f33000 	C:\Windows\System32\KERNELBASE.dll
0x00007ffc11130000 - 0x00007ffc111d1000 	C:\Windows\System32\ADVAPI32.dll
0x00007ffc13810000 - 0x00007ffc138ae000 	C:\Windows\System32\msvcrt.dll
0x00007ffc11950000 - 0x00007ffc119ab000 	C:\Windows\System32\sechost.dll
0x00007ffc138b0000 - 0x00007ffc139d4000 	C:\Windows\System32\RPCRT4.dll
0x00007ffc11a80000 - 0x00007ffc11c11000 	C:\Windows\System32\USER32.dll
0x00007ffc10ca0000 - 0x00007ffc10cc0000 	C:\Windows\System32\win32u.dll
0x00007ffc120a0000 - 0x00007ffc120c8000 	C:\Windows\System32\GDI32.dll
0x00007ffc107e0000 - 0x00007ffc10973000 	C:\Windows\System32\gdi32full.dll
0x00007ffc10b30000 - 0x00007ffc10bcf000 	C:\Windows\System32\msvcp_win.dll
0x00007ffc10a30000 - 0x00007ffc10b28000 	C:\Windows\System32\ucrtbase.dll
0x00007ffbfe9f0000 - 0x00007ffbfec59000 	C:\Windows\WinSxS\amd64_microsoft.windows.common-controls_6595b64144ccf1df_6.0.17134.1667_none_d401a3137c8ebfd0\COMCTL32.dll
0x00007ffc11340000 - 0x00007ffc11660000 	C:\Windows\System32\combase.dll
0x00007ffc10bd0000 - 0x00007ffc10c49000 	C:\Windows\System32\bcryptPrimitives.dll
0x00007ffc11c20000 - 0x00007ffc11c4d000 	C:\Windows\System32\IMM32.DLL
0x000000006bd60000 - 0x000000006be32000 	E:\andrid studio\jre\jre\bin\msvcr100.dll
0x000000006c3f0000 - 0x000000006cc3b000 	E:\andrid studio\jre\jre\bin\server\jvm.dll
0x00007ffc12180000 - 0x00007ffc12188000 	C:\Windows\System32\PSAPI.DLL
0x00007ffbfdaa0000 - 0x00007ffbfdaa9000 	C:\Windows\SYSTEM32\WSOCK32.dll
0x00007ffc11a10000 - 0x00007ffc11a7c000 	C:\Windows\System32\WS2_32.dll
0x00007ffc0cef0000 - 0x00007ffc0cf13000 	C:\Windows\SYSTEM32\WINMM.dll
0x00007ffc03df0000 - 0x00007ffc03dfa000 	C:\Windows\SYSTEM32\VERSION.dll
0x00007ffc0cec0000 - 0x00007ffc0ceea000 	C:\Windows\SYSTEM32\WINMMBASE.dll
0x00007ffc10c50000 - 0x00007ffc10c99000 	C:\Windows\System32\cfgmgr32.dll
0x00007ffbfda90000 - 0x00007ffbfda9f000 	E:\andrid studio\jre\jre\bin\verify.dll
0x00007ffbe2630000 - 0x00007ffbe2659000 	E:\andrid studio\jre\jre\bin\java.dll
0x00007ffbe23e0000 - 0x00007ffbe23f6000 	E:\andrid studio\jre\jre\bin\zip.dll
0x00007ffc123c0000 - 0x00007ffc13805000 	C:\Windows\System32\SHELL32.dll
0x00007ffc120d0000 - 0x00007ffc12179000 	C:\Windows\System32\shcore.dll
0x00007ffc10060000 - 0x00007ffc10775000 	C:\Windows\System32\windows.storage.dll
0x00007ffc13b40000 - 0x00007ffc13b91000 	C:\Windows\System32\shlwapi.dll
0x00007ffc0ffa0000 - 0x00007ffc0ffb1000 	C:\Windows\System32\kernel.appcore.dll
0x00007ffc0fff0000 - 0x00007ffc1000f000 	C:\Windows\System32\profapi.dll
0x00007ffc10010000 - 0x00007ffc1005c000 	C:\Windows\System32\powrprof.dll
0x00007ffc0ffe0000 - 0x00007ffc0ffea000 	C:\Windows\System32\FLTLIB.DLL
0x00007ffbdd610000 - 0x00007ffbdd62a000 	E:\andrid studio\jre\jre\bin\net.dll
0x00007ffc0f7c0000 - 0x00007ffc0f826000 	C:\Windows\system32\mswsock.dll
0x00007ffbdbc50000 - 0x00007ffbdbc63000 	E:\andrid studio\jre\jre\bin\nio.dll
0x00007ffbfd780000 - 0x00007ffbfd7a7000 	C:\Users\Aisac\.gradle\native\f6784746aeab05261644944871eae4fe03e0ef1612fff0a4a95f87b438bc6780\windows-amd64\native-platform.dll
0x00007ffbfd7b0000 - 0x00007ffbfd7bd000 	E:\andrid studio\jre\jre\bin\management.dll
0x00007ffc0f9d0000 - 0x00007ffc0f9e7000 	C:\Windows\SYSTEM32\CRYPTSP.dll
0x00007ffc0f370000 - 0x00007ffc0f3a3000 	C:\Windows\system32\rsaenh.dll
0x00007ffc0fb00000 - 0x00007ffc0fb25000 	C:\Windows\SYSTEM32\bcrypt.dll
0x00007ffc0fed0000 - 0x00007ffc0fef8000 	C:\Windows\SYSTEM32\USERENV.dll
0x00007ffc0f9f0000 - 0x00007ffc0f9fb000 	C:\Windows\SYSTEM32\CRYPTBASE.dll
0x00007ffc0f510000 - 0x00007ffc0f548000 	C:\Windows\SYSTEM32\IPHLPAPI.DLL
0x00007ffc13ba0000 - 0x00007ffc13ba8000 	C:\Windows\System32\NSI.dll
0x00007ffc04720000 - 0x00007ffc04736000 	C:\Windows\SYSTEM32\dhcpcsvc6.DLL
0x00007ffc05910000 - 0x00007ffc0592a000 	C:\Windows\SYSTEM32\dhcpcsvc.DLL
0x00007ffc05bf0000 - 0x00007ffc05bfb000 	C:\Windows\SYSTEM32\WINNSI.DLL
0x00007ffbd6780000 - 0x00007ffbd67a4000 	E:\andrid studio\jre\jre\bin\sunec.dll
0x00007ffc0f550000 - 0x00007ffc0f60f000 	C:\Windows\SYSTEM32\DNSAPI.dll
0x00007ffbfed50000 - 0x00007ffbfed5a000 	C:\Windows\System32\rasadhlp.dll
0x00007ffbfbf50000 - 0x00007ffbfbfc2000 	C:\Windows\System32\fwpuclnt.dll
0x00007ffbfd770000 - 0x00007ffbfd77b000 	E:\andrid studio\jre\jre\bin\sunmscapi.dll
0x00007ffc10f40000 - 0x00007ffc11122000 	C:\Windows\System32\CRYPT32.dll
0x00007ffc0ffc0000 - 0x00007ffc0ffd2000 	C:\Windows\System32\MSASN1.dll

VM Arguments:
jvm_args: -Xmx2048m -Dfile.encoding=windows-1252 -Duser.country=US -Duser.language=en -Duser.variant 
java_command: org.gradle.launcher.daemon.bootstrap.GradleDaemon 6.5
java_class_path (initial): C:\Users\Aisac\.gradle\wrapper\dists\gradle-6.5-all\2oz4ud9k3tuxjg84bbf55q0tn\gradle-6.5\lib\gradle-launcher-6.5.jar
Launcher Type: SUN_STANDARD

Environment Variables:
PATH=C:\Windows\system32;C:\Windows;C:\Windows\System32\Wbem;C:\Windows\System32\WindowsPowerShell\v1.0\;C:\Windows\System32\OpenSSH\;C:\Program Files\nodejs\;C:\Program Files\dotnet\;C:\Program Files\Git\cmd;";C:\php";C:\Users\Aisac\AppData\Local\Microsoft\WindowsApps;C:\Users\Aisac\AppData\Local\Programs\Microsoft VS Code\bin;C:\Users\Aisac\AppData\Local\GitHubDesktop\bin;C:\Users\Aisac\AppData\Roaming\npm
USERNAME=Aisac
OS=Windows_NT
PROCESSOR_IDENTIFIER=Intel64 Family 6 Model 58 Stepping 9, GenuineIntel



---------------  S Y S T E M  ---------------

OS: Windows 10.0 , 64 bit Build 17134 (10.0.17134.1425)

CPU:total 4 (initial active 4) (2 cores per cpu, 2 threads per core) family 6 model 58 stepping 9, cmov, cx8, fxsr, mmx, sse, sse2, sse3, ssse3, sse4.1, sse4.2, popcnt, avx, clmul, erms, ht, tsc, tscinvbit, tscinv

Memory: 4k page, physical 8273256k(1207612k free), swap 10807872k(2356k free)

vm_info: OpenJDK 64-Bit Server VM (25.242-b01) for windows-amd64 JRE (1.8.0_242-release-1644-b01), built by "builder" with MS VC++ 10.0 (VS2010)

time: Sat Nov 07 18:50:19 2020
timezone: E. Africa Standard Time
elapsed time: 4355 seconds (0d 1h 12m 35s)

